30 Sep 2020 16:31:26,125 ERROR: com.cv.accountswing.util.StockUP - java.lang.NullPointerException
30 Sep 2020 18:40:02,264 ERROR: com.cv.accountswing.util.StockUP - java.lang.NullPointerException
01 Oct 2020 03:35:11,753 ERROR: com.cv.accountswing.util.StockUP - java.lang.NullPointerException
01 Oct 2020 06:48:30,385 ERROR: com.cv.inv.util.GenVouNoImpl - getLastVouNo : 63 - org.hibernate.exception.SQLGrammarException: could not extract ResultSet
<<<<<<< HEAD
02 Oct 2020 05:15:52,463 ERROR: com.cv.inv.util.GenVouNoImpl - getLastVouNo : 247 - org.springframework.dao.DataIntegrityViolationException: could not execute statement; SQL [n/a]; constraint [null]; nested exception is org.hibernate.exception.ConstraintViolationException: could not execute statement
02 Oct 2020 13:06:27,390 ERROR: com.cv.inv.entry.common.RetInVouSearchTableModel - getValueAt : 66 - com.cv.inv.entity.view.VRetIn cannot be cast to com.cv.accountswing.entity.Gl
02 Oct 2020 13:06:27,390 ERROR: com.cv.inv.entry.common.RetInVouSearchTableModel - getValueAt : 66 - com.cv.inv.entity.view.VRetIn cannot be cast to com.cv.accountswing.entity.Gl
02 Oct 2020 13:06:27,390 ERROR: com.cv.inv.entry.common.RetInVouSearchTableModel - getValueAt : 66 - com.cv.inv.entity.view.VRetIn cannot be cast to com.cv.accountswing.entity.Gl
02 Oct 2020 13:06:27,391 ERROR: com.cv.inv.entry.common.RetInVouSearchTableModel - getValueAt : 66 - com.cv.inv.entity.view.VRetIn cannot be cast to com.cv.accountswing.entity.Gl
02 Oct 2020 13:06:27,391 ERROR: com.cv.inv.entry.common.RetInVouSearchTableModel - getValueAt : 66 - com.cv.inv.entity.view.VRetIn cannot be cast to com.cv.accountswing.entity.Gl
02 Oct 2020 13:06:27,391 ERROR: com.cv.inv.entry.common.RetInVouSearchTableModel - getValueAt : 66 - com.cv.inv.entity.view.VRetIn cannot be cast to com.cv.accountswing.entity.Gl
02 Oct 2020 13:06:27,392 ERROR: com.cv.inv.entry.common.RetInVouSearchTableModel - getValueAt : 66 - com.cv.inv.entity.view.VRetIn cannot be cast to com.cv.accountswing.entity.Gl
02 Oct 2020 13:06:27,392 ERROR: com.cv.inv.entry.common.RetInVouSearchTableModel - getValueAt : 66 - com.cv.inv.entity.view.VRetIn cannot be cast to com.cv.accountswing.entity.Gl
02 Oct 2020 13:06:27,392 ERROR: com.cv.inv.entry.common.RetInVouSearchTableModel - getValueAt : 66 - com.cv.inv.entity.view.VRetIn cannot be cast to com.cv.accountswing.entity.Gl
02 Oct 2020 13:06:27,392 ERROR: com.cv.inv.entry.common.RetInVouSearchTableModel - getValueAt : 66 - com.cv.inv.entity.view.VRetIn cannot be cast to com.cv.accountswing.entity.Gl
02 Oct 2020 13:06:35,205 ERROR: com.cv.inv.entry.common.RetInVouSearchTableModel - getValueAt : 66 - com.cv.inv.entity.view.VRetIn cannot be cast to com.cv.accountswing.entity.Gl
02 Oct 2020 13:06:35,206 ERROR: com.cv.inv.entry.common.RetInVouSearchTableModel - getValueAt : 66 - com.cv.inv.entity.view.VRetIn cannot be cast to com.cv.accountswing.entity.Gl
02 Oct 2020 13:06:35,206 ERROR: com.cv.inv.entry.common.RetInVouSearchTableModel - getValueAt : 66 - com.cv.inv.entity.view.VRetIn cannot be cast to com.cv.accountswing.entity.Gl
02 Oct 2020 13:06:35,207 ERROR: com.cv.inv.entry.common.RetInVouSearchTableModel - getValueAt : 66 - com.cv.inv.entity.view.VRetIn cannot be cast to com.cv.accountswing.entity.Gl
02 Oct 2020 13:06:35,207 ERROR: com.cv.inv.entry.common.RetInVouSearchTableModel - getValueAt : 66 - com.cv.inv.entity.view.VRetIn cannot be cast to com.cv.accountswing.entity.Gl
02 Oct 2020 13:06:35,208 ERROR: com.cv.inv.entry.common.RetInVouSearchTableModel - getValueAt : 66 - com.cv.inv.entity.view.VRetIn cannot be cast to com.cv.accountswing.entity.Gl
02 Oct 2020 13:06:35,208 ERROR: com.cv.inv.entry.common.RetInVouSearchTableModel - getValueAt : 66 - com.cv.inv.entity.view.VRetIn cannot be cast to com.cv.accountswing.entity.Gl
02 Oct 2020 13:06:35,208 ERROR: com.cv.inv.entry.common.RetInVouSearchTableModel - getValueAt : 66 - com.cv.inv.entity.view.VRetIn cannot be cast to com.cv.accountswing.entity.Gl
02 Oct 2020 13:06:35,209 ERROR: com.cv.inv.entry.common.RetInVouSearchTableModel - getValueAt : 66 - com.cv.inv.entity.view.VRetIn cannot be cast to com.cv.accountswing.entity.Gl
02 Oct 2020 13:06:35,209 ERROR: com.cv.inv.entry.common.RetInVouSearchTableModel - getValueAt : 66 - com.cv.inv.entity.view.VRetIn cannot be cast to com.cv.accountswing.entity.Gl
02 Oct 2020 13:06:36,744 ERROR: com.cv.inv.entry.common.RetInVouSearchTableModel - getValueAt : 66 - com.cv.inv.entity.view.VRetIn cannot be cast to com.cv.accountswing.entity.Gl
02 Oct 2020 13:06:36,744 ERROR: com.cv.inv.entry.common.RetInVouSearchTableModel - getValueAt : 66 - com.cv.inv.entity.view.VRetIn cannot be cast to com.cv.accountswing.entity.Gl
02 Oct 2020 13:06:36,745 ERROR: com.cv.inv.entry.common.RetInVouSearchTableModel - getValueAt : 66 - com.cv.inv.entity.view.VRetIn cannot be cast to com.cv.accountswing.entity.Gl
02 Oct 2020 13:06:36,745 ERROR: com.cv.inv.entry.common.RetInVouSearchTableModel - getValueAt : 66 - com.cv.inv.entity.view.VRetIn cannot be cast to com.cv.accountswing.entity.Gl
02 Oct 2020 13:06:36,745 ERROR: com.cv.inv.entry.common.RetInVouSearchTableModel - getValueAt : 66 - com.cv.inv.entity.view.VRetIn cannot be cast to com.cv.accountswing.entity.Gl
02 Oct 2020 13:06:36,746 ERROR: com.cv.inv.entry.common.RetInVouSearchTableModel - getValueAt : 66 - com.cv.inv.entity.view.VRetIn cannot be cast to com.cv.accountswing.entity.Gl
02 Oct 2020 13:06:36,746 ERROR: com.cv.inv.entry.common.RetInVouSearchTableModel - getValueAt : 66 - com.cv.inv.entity.view.VRetIn cannot be cast to com.cv.accountswing.entity.Gl
02 Oct 2020 13:06:36,747 ERROR: com.cv.inv.entry.common.RetInVouSearchTableModel - getValueAt : 66 - com.cv.inv.entity.view.VRetIn cannot be cast to com.cv.accountswing.entity.Gl
02 Oct 2020 13:06:36,747 ERROR: com.cv.inv.entry.common.RetInVouSearchTableModel - getValueAt : 66 - com.cv.inv.entity.view.VRetIn cannot be cast to com.cv.accountswing.entity.Gl
02 Oct 2020 13:06:36,747 ERROR: com.cv.inv.entry.common.RetInVouSearchTableModel - getValueAt : 66 - com.cv.inv.entity.view.VRetIn cannot be cast to com.cv.accountswing.entity.Gl
02 Oct 2020 13:06:42,267 ERROR: com.cv.inv.entry.common.RetInVouSearchTableModel - getValueAt : 66 - com.cv.inv.entity.view.VRetIn cannot be cast to com.cv.accountswing.entity.Gl
02 Oct 2020 13:06:42,267 ERROR: com.cv.inv.entry.common.RetInVouSearchTableModel - getValueAt : 66 - com.cv.inv.entity.view.VRetIn cannot be cast to com.cv.accountswing.entity.Gl
02 Oct 2020 13:06:42,268 ERROR: com.cv.inv.entry.common.RetInVouSearchTableModel - getValueAt : 66 - com.cv.inv.entity.view.VRetIn cannot be cast to com.cv.accountswing.entity.Gl
02 Oct 2020 13:06:42,268 ERROR: com.cv.inv.entry.common.RetInVouSearchTableModel - getValueAt : 66 - com.cv.inv.entity.view.VRetIn cannot be cast to com.cv.accountswing.entity.Gl
02 Oct 2020 13:06:42,268 ERROR: com.cv.inv.entry.common.RetInVouSearchTableModel - getValueAt : 66 - com.cv.inv.entity.view.VRetIn cannot be cast to com.cv.accountswing.entity.Gl
02 Oct 2020 13:06:42,268 ERROR: com.cv.inv.entry.common.RetInVouSearchTableModel - getValueAt : 66 - com.cv.inv.entity.view.VRetIn cannot be cast to com.cv.accountswing.entity.Gl
02 Oct 2020 13:06:42,269 ERROR: com.cv.inv.entry.common.RetInVouSearchTableModel - getValueAt : 66 - com.cv.inv.entity.view.VRetIn cannot be cast to com.cv.accountswing.entity.Gl
02 Oct 2020 13:06:42,269 ERROR: com.cv.inv.entry.common.RetInVouSearchTableModel - getValueAt : 66 - com.cv.inv.entity.view.VRetIn cannot be cast to com.cv.accountswing.entity.Gl
02 Oct 2020 13:06:42,269 ERROR: com.cv.inv.entry.common.RetInVouSearchTableModel - getValueAt : 66 - com.cv.inv.entity.view.VRetIn cannot be cast to com.cv.accountswing.entity.Gl
02 Oct 2020 13:06:42,269 ERROR: com.cv.inv.entry.common.RetInVouSearchTableModel - getValueAt : 66 - com.cv.inv.entity.view.VRetIn cannot be cast to com.cv.accountswing.entity.Gl
02 Oct 2020 13:06:51,077 ERROR: com.cv.inv.entry.common.RetInVouSearchTableModel - getValueAt : 66 - com.cv.inv.entity.view.VRetIn cannot be cast to com.cv.accountswing.entity.Gl
02 Oct 2020 13:06:51,077 ERROR: com.cv.inv.entry.common.RetInVouSearchTableModel - getValueAt : 66 - com.cv.inv.entity.view.VRetIn cannot be cast to com.cv.accountswing.entity.Gl
02 Oct 2020 13:06:51,077 ERROR: com.cv.inv.entry.common.RetInVouSearchTableModel - getValueAt : 66 - com.cv.inv.entity.view.VRetIn cannot be cast to com.cv.accountswing.entity.Gl
02 Oct 2020 13:06:51,077 ERROR: com.cv.inv.entry.common.RetInVouSearchTableModel - getValueAt : 66 - com.cv.inv.entity.view.VRetIn cannot be cast to com.cv.accountswing.entity.Gl
02 Oct 2020 13:06:51,078 ERROR: com.cv.inv.entry.common.RetInVouSearchTableModel - getValueAt : 66 - com.cv.inv.entity.view.VRetIn cannot be cast to com.cv.accountswing.entity.Gl
02 Oct 2020 13:06:51,078 ERROR: com.cv.inv.entry.common.RetInVouSearchTableModel - getValueAt : 66 - com.cv.inv.entity.view.VRetIn cannot be cast to com.cv.accountswing.entity.Gl
02 Oct 2020 13:06:51,078 ERROR: com.cv.inv.entry.common.RetInVouSearchTableModel - getValueAt : 66 - com.cv.inv.entity.view.VRetIn cannot be cast to com.cv.accountswing.entity.Gl
02 Oct 2020 13:06:51,078 ERROR: com.cv.inv.entry.common.RetInVouSearchTableModel - getValueAt : 66 - com.cv.inv.entity.view.VRetIn cannot be cast to com.cv.accountswing.entity.Gl
02 Oct 2020 13:06:51,078 ERROR: com.cv.inv.entry.common.RetInVouSearchTableModel - getValueAt : 66 - com.cv.inv.entity.view.VRetIn cannot be cast to com.cv.accountswing.entity.Gl
02 Oct 2020 13:06:51,078 ERROR: com.cv.inv.entry.common.RetInVouSearchTableModel - getValueAt : 66 - com.cv.inv.entity.view.VRetIn cannot be cast to com.cv.accountswing.entity.Gl
02 Oct 2020 13:06:58,484 ERROR: com.cv.inv.entry.common.RetInVouSearchTableModel - getValueAt : 66 - com.cv.inv.entity.view.VRetIn cannot be cast to com.cv.accountswing.entity.Gl
02 Oct 2020 13:06:58,484 ERROR: com.cv.inv.entry.common.RetInVouSearchTableModel - getValueAt : 66 - com.cv.inv.entity.view.VRetIn cannot be cast to com.cv.accountswing.entity.Gl
02 Oct 2020 13:06:58,485 ERROR: com.cv.inv.entry.common.RetInVouSearchTableModel - getValueAt : 66 - com.cv.inv.entity.view.VRetIn cannot be cast to com.cv.accountswing.entity.Gl
02 Oct 2020 13:06:58,485 ERROR: com.cv.inv.entry.common.RetInVouSearchTableModel - getValueAt : 66 - com.cv.inv.entity.view.VRetIn cannot be cast to com.cv.accountswing.entity.Gl
02 Oct 2020 13:06:58,485 ERROR: com.cv.inv.entry.common.RetInVouSearchTableModel - getValueAt : 66 - com.cv.inv.entity.view.VRetIn cannot be cast to com.cv.accountswing.entity.Gl
02 Oct 2020 13:06:58,486 ERROR: com.cv.inv.entry.common.RetInVouSearchTableModel - getValueAt : 66 - com.cv.inv.entity.view.VRetIn cannot be cast to com.cv.accountswing.entity.Gl
02 Oct 2020 13:06:58,486 ERROR: com.cv.inv.entry.common.RetInVouSearchTableModel - getValueAt : 66 - com.cv.inv.entity.view.VRetIn cannot be cast to com.cv.accountswing.entity.Gl
02 Oct 2020 13:06:58,487 ERROR: com.cv.inv.entry.common.RetInVouSearchTableModel - getValueAt : 66 - com.cv.inv.entity.view.VRetIn cannot be cast to com.cv.accountswing.entity.Gl
02 Oct 2020 13:06:58,487 ERROR: com.cv.inv.entry.common.RetInVouSearchTableModel - getValueAt : 66 - com.cv.inv.entity.view.VRetIn cannot be cast to com.cv.accountswing.entity.Gl
02 Oct 2020 13:06:58,488 ERROR: com.cv.inv.entry.common.RetInVouSearchTableModel - getValueAt : 66 - com.cv.inv.entity.view.VRetIn cannot be cast to com.cv.accountswing.entity.Gl
02 Oct 2020 13:12:10,014 ERROR: com.cv.inv.entry.common.RetInVouSearchTableModel - getValueAt : 66 - com.cv.inv.entity.view.VRetIn cannot be cast to com.cv.accountswing.entity.Gl
02 Oct 2020 13:12:10,015 ERROR: com.cv.inv.entry.common.RetInVouSearchTableModel - getValueAt : 66 - com.cv.inv.entity.view.VRetIn cannot be cast to com.cv.accountswing.entity.Gl
02 Oct 2020 13:12:10,015 ERROR: com.cv.inv.entry.common.RetInVouSearchTableModel - getValueAt : 66 - com.cv.inv.entity.view.VRetIn cannot be cast to com.cv.accountswing.entity.Gl
02 Oct 2020 13:12:10,015 ERROR: com.cv.inv.entry.common.RetInVouSearchTableModel - getValueAt : 66 - com.cv.inv.entity.view.VRetIn cannot be cast to com.cv.accountswing.entity.Gl
02 Oct 2020 13:12:10,016 ERROR: com.cv.inv.entry.common.RetInVouSearchTableModel - getValueAt : 66 - com.cv.inv.entity.view.VRetIn cannot be cast to com.cv.accountswing.entity.Gl
02 Oct 2020 13:12:10,016 ERROR: com.cv.inv.entry.common.RetInVouSearchTableModel - getValueAt : 66 - com.cv.inv.entity.view.VRetIn cannot be cast to com.cv.accountswing.entity.Gl
02 Oct 2020 13:12:10,017 ERROR: com.cv.inv.entry.common.RetInVouSearchTableModel - getValueAt : 66 - com.cv.inv.entity.view.VRetIn cannot be cast to com.cv.accountswing.entity.Gl
02 Oct 2020 13:12:10,017 ERROR: com.cv.inv.entry.common.RetInVouSearchTableModel - getValueAt : 66 - com.cv.inv.entity.view.VRetIn cannot be cast to com.cv.accountswing.entity.Gl
02 Oct 2020 13:12:10,017 ERROR: com.cv.inv.entry.common.RetInVouSearchTableModel - getValueAt : 66 - com.cv.inv.entity.view.VRetIn cannot be cast to com.cv.accountswing.entity.Gl
02 Oct 2020 13:12:10,017 ERROR: com.cv.inv.entry.common.RetInVouSearchTableModel - getValueAt : 66 - com.cv.inv.entity.view.VRetIn cannot be cast to com.cv.accountswing.entity.Gl
02 Oct 2020 13:26:45,897 ERROR: com.cv.inv.entry.common.RetInVouSearchTableModel - getValueAt : 66 - com.cv.inv.entity.view.VRetIn cannot be cast to com.cv.accountswing.entity.Gl
02 Oct 2020 13:26:45,898 ERROR: com.cv.inv.entry.common.RetInVouSearchTableModel - getValueAt : 66 - com.cv.inv.entity.view.VRetIn cannot be cast to com.cv.accountswing.entity.Gl
02 Oct 2020 13:26:45,898 ERROR: com.cv.inv.entry.common.RetInVouSearchTableModel - getValueAt : 66 - com.cv.inv.entity.view.VRetIn cannot be cast to com.cv.accountswing.entity.Gl
02 Oct 2020 13:26:45,898 ERROR: com.cv.inv.entry.common.RetInVouSearchTableModel - getValueAt : 66 - com.cv.inv.entity.view.VRetIn cannot be cast to com.cv.accountswing.entity.Gl
02 Oct 2020 13:26:45,899 ERROR: com.cv.inv.entry.common.RetInVouSearchTableModel - getValueAt : 66 - com.cv.inv.entity.view.VRetIn cannot be cast to com.cv.accountswing.entity.Gl
02 Oct 2020 13:26:45,899 ERROR: com.cv.inv.entry.common.RetInVouSearchTableModel - getValueAt : 66 - com.cv.inv.entity.view.VRetIn cannot be cast to com.cv.accountswing.entity.Gl
02 Oct 2020 13:26:45,899 ERROR: com.cv.inv.entry.common.RetInVouSearchTableModel - getValueAt : 66 - com.cv.inv.entity.view.VRetIn cannot be cast to com.cv.accountswing.entity.Gl
02 Oct 2020 13:26:45,899 ERROR: com.cv.inv.entry.common.RetInVouSearchTableModel - getValueAt : 66 - com.cv.inv.entity.view.VRetIn cannot be cast to com.cv.accountswing.entity.Gl
02 Oct 2020 13:26:45,899 ERROR: com.cv.inv.entry.common.RetInVouSearchTableModel - getValueAt : 66 - com.cv.inv.entity.view.VRetIn cannot be cast to com.cv.accountswing.entity.Gl
02 Oct 2020 13:26:45,900 ERROR: com.cv.inv.entry.common.RetInVouSearchTableModel - getValueAt : 66 - com.cv.inv.entity.view.VRetIn cannot be cast to com.cv.accountswing.entity.Gl
02 Oct 2020 13:27:06,306 ERROR: com.cv.inv.entry.common.RetInVouSearchTableModel - getValueAt : 66 - com.cv.inv.entity.view.VRetIn cannot be cast to com.cv.accountswing.entity.Gl
02 Oct 2020 13:27:06,307 ERROR: com.cv.inv.entry.common.RetInVouSearchTableModel - getValueAt : 66 - com.cv.inv.entity.view.VRetIn cannot be cast to com.cv.accountswing.entity.Gl
02 Oct 2020 13:27:06,307 ERROR: com.cv.inv.entry.common.RetInVouSearchTableModel - getValueAt : 66 - com.cv.inv.entity.view.VRetIn cannot be cast to com.cv.accountswing.entity.Gl
02 Oct 2020 13:27:06,307 ERROR: com.cv.inv.entry.common.RetInVouSearchTableModel - getValueAt : 66 - com.cv.inv.entity.view.VRetIn cannot be cast to com.cv.accountswing.entity.Gl
02 Oct 2020 13:27:06,308 ERROR: com.cv.inv.entry.common.RetInVouSearchTableModel - getValueAt : 66 - com.cv.inv.entity.view.VRetIn cannot be cast to com.cv.accountswing.entity.Gl
02 Oct 2020 13:27:06,308 ERROR: com.cv.inv.entry.common.RetInVouSearchTableModel - getValueAt : 66 - com.cv.inv.entity.view.VRetIn cannot be cast to com.cv.accountswing.entity.Gl
02 Oct 2020 13:27:06,308 ERROR: com.cv.inv.entry.common.RetInVouSearchTableModel - getValueAt : 66 - com.cv.inv.entity.view.VRetIn cannot be cast to com.cv.accountswing.entity.Gl
02 Oct 2020 13:27:06,309 ERROR: com.cv.inv.entry.common.RetInVouSearchTableModel - getValueAt : 66 - com.cv.inv.entity.view.VRetIn cannot be cast to com.cv.accountswing.entity.Gl
02 Oct 2020 13:27:06,309 ERROR: com.cv.inv.entry.common.RetInVouSearchTableModel - getValueAt : 66 - com.cv.inv.entity.view.VRetIn cannot be cast to com.cv.accountswing.entity.Gl
02 Oct 2020 13:27:06,309 ERROR: com.cv.inv.entry.common.RetInVouSearchTableModel - getValueAt : 66 - com.cv.inv.entity.view.VRetIn cannot be cast to com.cv.accountswing.entity.Gl
08 Oct 2020 07:49:16,795 ERROR: com.cv.inv.util.GenVouNoImpl - getLastVouNo : 247 - org.springframework.dao.DataIntegrityViolationException: could not execute statement; SQL [n/a]; constraint [null]; nested exception is org.hibernate.exception.ConstraintViolationException: could not execute statement
08 Oct 2020 07:51:20,676 ERROR: com.cv.inv.util.GenVouNoImpl - getLastVouNo : 247 - org.springframework.dao.DataIntegrityViolationException: could not execute statement; SQL [n/a]; constraint [null]; nested exception is org.hibernate.exception.ConstraintViolationException: could not execute statement
08 Oct 2020 07:52:01,207 ERROR: com.cv.inv.util.GenVouNoImpl - getLastVouNo : 247 - org.springframework.dao.DataIntegrityViolationException: could not execute statement; SQL [n/a]; constraint [null]; nested exception is org.hibernate.exception.ConstraintViolationException: could not execute statement
=======
04 Oct 2020 06:45:26,625 ERROR: com.cv.inv.util.GenVouNoImpl - getLastVouNo : 63 - org.hibernate.exception.SQLGrammarException: could not extract ResultSet
04 Oct 2020 18:23:26,176 ERROR: com.cv.inv.util.GenVouNoImpl - getLastVouNo : 247 - org.springframework.dao.DataIntegrityViolationException: could not execute statement; SQL [n/a]; constraint [null]; nested exception is org.hibernate.exception.ConstraintViolationException: could not execute statement
>>>>>>> 2645f0594b7ed96750a08ea9446f2c4710390d82
